<?xml version="1.0" encoding="UTF-8"?>
<!-- Generated by org.testng.reporters.JUnitXMLReporter -->
<testsuite ignored="0" hostname="DESKTOP-H8HE922" failures="0" tests="3" name="Default test" time="18.5" errors="0" timestamp="2023-10-17T16:07:36 IST">
  <testcase classname="tests_scenarios.GoogleSearchTest" name="SearchOperation" time="1.943"/>
  <testcase classname="tests_scenarios.GoogleSearchTest" name="Accessfacebook" time="4.984"/>
  <testcase classname="tests_scenarios.GoogleSearchTest" name="Loginfacebook" time="1.468"/>
</testsuite> <!-- Default test -->
