<?xml version="1.0" encoding="UTF-8"?>
<testng-results ignored="0" total="3" passed="3" failed="0" skipped="0">
  <reporter-output>
  </reporter-output>
  <suite started-at="2023-10-17T16:07:17 IST" name="Default suite" finished-at="2023-10-17T16:07:36 IST" duration-ms="18500">
    <groups>
    </groups>
    <test started-at="2023-10-17T16:07:17 IST" name="Default test" finished-at="2023-10-17T16:07:36 IST" duration-ms="18500">
      <class name="tests_scenarios.GoogleSearchTest">
        <test-method is-config="true" signature="beforetest()[pri:0, instance:tests_scenarios.GoogleSearchTest@31f9b85e]" started-at="2023-10-17T16:07:17 IST" name="beforetest" finished-at="2023-10-17T16:07:27 IST" duration-ms="9777" status="PASS">
          <reporter-output>
          </reporter-output>
        </test-method> <!-- beforetest -->
        <test-method signature="SearchOperation()[pri:0, instance:tests_scenarios.GoogleSearchTest@31f9b85e]" started-at="2023-10-17T16:07:27 IST" name="SearchOperation" finished-at="2023-10-17T16:07:29 IST" duration-ms="1943" status="PASS">
          <reporter-output>
          </reporter-output>
        </test-method> <!-- SearchOperation -->
        <test-method signature="Accessfacebook()[pri:1, instance:tests_scenarios.GoogleSearchTest@31f9b85e]" started-at="2023-10-17T16:07:29 IST" name="Accessfacebook" finished-at="2023-10-17T16:07:34 IST" duration-ms="4984" status="PASS">
          <reporter-output>
          </reporter-output>
        </test-method> <!-- Accessfacebook -->
        <test-method signature="Loginfacebook()[pri:2, instance:tests_scenarios.GoogleSearchTest@31f9b85e]" started-at="2023-10-17T16:07:34 IST" name="Loginfacebook" finished-at="2023-10-17T16:07:36 IST" duration-ms="1468" status="PASS">
          <reporter-output>
          </reporter-output>
        </test-method> <!-- Loginfacebook -->
      </class> <!-- tests_scenarios.GoogleSearchTest -->
    </test> <!-- Default test -->
  </suite> <!-- Default suite -->
</testng-results>
